<?xml version="1.0" encoding="UTF-8"?>
<testsuite xmlns:xsi="http://www.w3.org/2001/XMLSchema-instance" xsi:noNamespaceSchemaLocation="https://maven.apache.org/surefire/maven-surefire-plugin/xsd/surefire-test-report.xsd" version="3.0.2" name="com.example.demo.Hello1ApplicationTests" time="6.902" tests="1" errors="0" skipped="0" failures="0">
  <properties>
[...]
</properties>
  <testcase name="contextLoads" classname="com.example.demo.Hello1ApplicationTests" time="2.328">
    <system-out><![CDATA[11:36:02.387 [main] INFO org.springframework.test.context.support.AnnotationConfigContextLoaderUtils -- Could not detect default configuration classes for test class [com.example.demo.Hello1ApplicationTests]: Hello1ApplicationTests does not declare any static, non-private, non-final, nested classes annotated with @Configuration.
11:36:02.685 [main] INFO org.springframework.boot.test.context.SpringBootTestContextBootstrapper -- Found @SpringBootConfiguration com.example.demo.Hello1Application for test class com.example.demo.Hello1ApplicationTests

  .   ____          _            __ _ _
 /\\ / ___'_ __ _ _(_)_ __  __ _ \ \ \ \
( ( )\___ | '_ | '_| | '_ \/ _` | \ \ \ \
 \\/  ___)| |_)| | | | | || (_| |  ) ) ) )
  '  |____| .__|_| |_|_| |_\__, | / / / /
 =========|_|==============|___/=/_/_/_/

 :: Spring Boot ::                (v3.4.4)

2025-04-07T11:36:03.674+05:30  INFO 64489 --- [hello1] [           main] c.example.demo.Hello1ApplicationTests    : Starting Hello1ApplicationTests using Java 17.0.14 with PID 64489 (started by root in /home/worker02/hello1springboot)
2025-04-07T11:36:03.678+05:30  INFO 64489 --- [hello1] [           main] c.example.demo.Hello1ApplicationTests    : No active profile set, falling back to 1 default profile: "default"
2025-04-07T11:36:06.576+05:30  INFO 64489 --- [hello1] [           main] c.example.demo.Hello1ApplicationTests    : Started Hello1ApplicationTests in 3.574 seconds (process running for 5.713)
]]></system-out>
  </testcase>
</testsuite>